<?xml version="1.0" encoding="UTF-8"?>
<!-- Generated by org.testng.reporters.JUnitXMLReporter -->
<testsuite ignored="0" hostname="RBL-LN-110473" failures="0" tests="3" name="Default test" time="25.349" errors="0" timestamp="2025-07-20T00:39:30 IST">
  <testcase classname="SeleniumWeb.SubmitOrder" name="sumbmitOrder" time="8.231"/>
  <testcase classname="SeleniumWeb.SubmitOrder" name="sumbmitOrder" time="8.025"/>
  <testcase classname="SeleniumWeb.SubmitOrder" name="orderHistoryTest" time="1.242"/>
</testsuite> <!-- Default test -->
