<?xml version="1.0" encoding="UTF-8"?>
<!-- Generated by org.testng.reporters.JUnitXMLReporter -->
<testsuite ignored="0" hostname="RBL-LN-110473" failures="0" tests="2" name="Error Validation Test" time="18.634" errors="0" timestamp="2025-07-28T10:07:59 GMT+05:30">
  <testcase classname="SeleniumWeb.ErrorValidation" name="loginErrorValidation" time="1.406"/>
  <testcase classname="SeleniumWeb.ErrorValidation" name="productErrorValidation" time="3.278"/>
</testsuite> <!-- Error Validation Test -->
