<?xml version="1.0" encoding="UTF-8"?>
<!-- Generated by org.testng.reporters.JUnitXMLReporter -->
<testsuite ignored="0" hostname="RBL-LN-110473" failures="0" tests="3" name="Submit Order Test" time="34.661" errors="0" timestamp="2025-07-25T19:10:46 IST">
  <testcase classname="SeleniumWeb.SubmitOrder" name="sumbmitOrder" time="9.343"/>
  <testcase classname="SeleniumWeb.SubmitOrder" name="sumbmitOrder" time="9.527"/>
  <testcase classname="SeleniumWeb.SubmitOrder" name="orderHistoryTest" time="1.618"/>
</testsuite> <!-- Submit Order Test -->
