<?xml version="1.0" encoding="UTF-8"?>
<!-- Generated by org.testng.reporters.JUnitXMLReporter -->
<testsuite ignored="0" hostname="RBL-LN-110473" failures="0" tests="3" name="Submit Order Test" time="42.928" errors="0" timestamp="2025-07-28T10:08:22 GMT+05:30">
  <testcase classname="SeleniumWeb.SubmitOrder" name="sumbmitOrder" time="8.636"/>
  <testcase classname="SeleniumWeb.SubmitOrder" name="sumbmitOrder" time="15.697"/>
  <testcase classname="SeleniumWeb.SubmitOrder" name="orderHistoryTest" time="0.782"/>
</testsuite> <!-- Submit Order Test -->
