<?xml version="1.0" encoding="UTF-8"?>
<testng-results ignored="0" total="5" passed="5" failed="0" skipped="0">
  <reporter-output>
  </reporter-output>
  <suite started-at="2025-07-28T10:07:39 GMT+05:30" name="Suite" finished-at="2025-07-28T10:08:22 GMT+05:30" duration-ms="42928">
    <groups>
      <group name="Purchase">
        <method signature="SubmitOrder.sumbmitOrder(java.util.HashMap)[pri:0, instance:SeleniumWeb.SubmitOrder@38467116]" name="sumbmitOrder" class="SeleniumWeb.SubmitOrder"/>
      </group> <!-- Purchase -->
      <group name="ErrorValidation">
        <method signature="ErrorValidation.loginErrorValidation()[pri:0, instance:SeleniumWeb.ErrorValidation@17503f6b]" name="loginErrorValidation" class="SeleniumWeb.ErrorValidation"/>
      </group> <!-- ErrorValidation -->
    </groups>
    <test started-at="2025-07-28T10:07:39 GMT+05:30" name="Error Validation Test" finished-at="2025-07-28T10:07:58 GMT+05:30" duration-ms="18634">
      <class name="SeleniumWeb.ErrorValidation">
        <test-method is-config="true" signature="applicationLunch()[pri:0, instance:SeleniumWeb.ErrorValidation@17503f6b]" started-at="2025-07-28T10:07:39 GMT+05:30" name="applicationLunch" finished-at="2025-07-28T10:07:49 GMT+05:30" duration-ms="9739" status="PASS">
          <reporter-output>
          </reporter-output>
        </test-method> <!-- applicationLunch -->
        <test-method signature="loginErrorValidation()[pri:0, instance:SeleniumWeb.ErrorValidation@17503f6b]" started-at="2025-07-28T10:07:49 GMT+05:30" name="loginErrorValidation" finished-at="2025-07-28T10:07:50 GMT+05:30" duration-ms="1406" status="PASS">
          <reporter-output>
          </reporter-output>
        </test-method> <!-- loginErrorValidation -->
        <test-method is-config="true" signature="teardown()[pri:0, instance:SeleniumWeb.ErrorValidation@17503f6b]" started-at="2025-07-28T10:07:50 GMT+05:30" name="teardown" finished-at="2025-07-28T10:07:51 GMT+05:30" duration-ms="135" status="PASS">
          <reporter-output>
          </reporter-output>
        </test-method> <!-- teardown -->
        <test-method is-config="true" signature="applicationLunch()[pri:0, instance:SeleniumWeb.ErrorValidation@17503f6b]" started-at="2025-07-28T10:07:51 GMT+05:30" name="applicationLunch" finished-at="2025-07-28T10:07:54 GMT+05:30" duration-ms="3798" status="PASS">
          <reporter-output>
          </reporter-output>
        </test-method> <!-- applicationLunch -->
        <test-method signature="productErrorValidation()[pri:0, instance:SeleniumWeb.ErrorValidation@17503f6b]" started-at="2025-07-28T10:07:54 GMT+05:30" name="productErrorValidation" finished-at="2025-07-28T10:07:58 GMT+05:30" duration-ms="3278" status="PASS">
          <reporter-output>
          </reporter-output>
        </test-method> <!-- productErrorValidation -->
        <test-method is-config="true" signature="teardown()[pri:0, instance:SeleniumWeb.ErrorValidation@17503f6b]" started-at="2025-07-28T10:07:58 GMT+05:30" name="teardown" finished-at="2025-07-28T10:07:58 GMT+05:30" duration-ms="223" status="PASS">
          <reporter-output>
          </reporter-output>
        </test-method> <!-- teardown -->
      </class> <!-- SeleniumWeb.ErrorValidation -->
    </test> <!-- Error Validation Test -->
    <test started-at="2025-07-28T10:07:39 GMT+05:30" name="Submit Order Test" finished-at="2025-07-28T10:08:22 GMT+05:30" duration-ms="42928">
      <class name="SeleniumWeb.SubmitOrder">
        <test-method is-config="true" signature="applicationLunch()[pri:0, instance:SeleniumWeb.SubmitOrder@38467116]" started-at="2025-07-28T10:07:40 GMT+05:30" name="applicationLunch" finished-at="2025-07-28T10:07:49 GMT+05:30" duration-ms="9433" status="PASS">
          <reporter-output>
          </reporter-output>
        </test-method> <!-- applicationLunch -->
        <test-method signature="sumbmitOrder(java.util.HashMap)[pri:0, instance:SeleniumWeb.SubmitOrder@38467116]" started-at="2025-07-28T10:07:49 GMT+05:30" name="sumbmitOrder" data-provider="getData" finished-at="2025-07-28T10:07:58 GMT+05:30" duration-ms="8636" status="PASS">
          <params>
            <param index="0">
              <value>
                <![CDATA[{password=Soumya123@, email=soumyaadhikary2018@gmail.com, productName=ZARA COAT 3}]]>
              </value>
            </param>
          </params>
          <reporter-output>
          </reporter-output>
        </test-method> <!-- sumbmitOrder -->
        <test-method is-config="true" signature="teardown()[pri:0, instance:SeleniumWeb.SubmitOrder@38467116]" started-at="2025-07-28T10:07:58 GMT+05:30" name="teardown" finished-at="2025-07-28T10:07:58 GMT+05:30" duration-ms="390" status="PASS">
          <reporter-output>
          </reporter-output>
        </test-method> <!-- teardown -->
        <test-method is-config="true" signature="applicationLunch()[pri:0, instance:SeleniumWeb.SubmitOrder@38467116]" started-at="2025-07-28T10:07:58 GMT+05:30" name="applicationLunch" finished-at="2025-07-28T10:08:02 GMT+05:30" duration-ms="3927" status="PASS">
          <reporter-output>
          </reporter-output>
        </test-method> <!-- applicationLunch -->
        <test-method signature="sumbmitOrder(java.util.HashMap)[pri:0, instance:SeleniumWeb.SubmitOrder@38467116]" started-at="2025-07-28T10:08:02 GMT+05:30" name="sumbmitOrder" data-provider="getData" finished-at="2025-07-28T10:08:18 GMT+05:30" duration-ms="15697" status="PASS">
          <params>
            <param index="0">
              <value>
                <![CDATA[{password=Soumya123@, email=soumyaadhikary23@gmail.com, productName=ADIDAS ORIGINAL}]]>
              </value>
            </param>
          </params>
          <reporter-output>
          </reporter-output>
        </test-method> <!-- sumbmitOrder -->
        <test-method is-config="true" signature="teardown()[pri:0, instance:SeleniumWeb.SubmitOrder@38467116]" started-at="2025-07-28T10:08:18 GMT+05:30" name="teardown" finished-at="2025-07-28T10:08:18 GMT+05:30" duration-ms="122" status="PASS">
          <reporter-output>
          </reporter-output>
        </test-method> <!-- teardown -->
        <test-method is-config="true" signature="applicationLunch()[pri:0, instance:SeleniumWeb.SubmitOrder@38467116]" started-at="2025-07-28T10:08:18 GMT+05:30" name="applicationLunch" finished-at="2025-07-28T10:08:21 GMT+05:30" duration-ms="3497" status="PASS">
          <reporter-output>
          </reporter-output>
        </test-method> <!-- applicationLunch -->
        <test-method signature="orderHistoryTest()[pri:0, instance:SeleniumWeb.SubmitOrder@38467116]" started-at="2025-07-28T10:08:21 GMT+05:30" name="orderHistoryTest" finished-at="2025-07-28T10:08:22 GMT+05:30" depends-on-methods="SeleniumWeb.SubmitOrder.sumbmitOrder" duration-ms="782" status="PASS">
          <reporter-output>
          </reporter-output>
        </test-method> <!-- orderHistoryTest -->
        <test-method is-config="true" signature="teardown()[pri:0, instance:SeleniumWeb.SubmitOrder@38467116]" started-at="2025-07-28T10:08:22 GMT+05:30" name="teardown" finished-at="2025-07-28T10:08:22 GMT+05:30" duration-ms="102" status="PASS">
          <reporter-output>
          </reporter-output>
        </test-method> <!-- teardown -->
      </class> <!-- SeleniumWeb.SubmitOrder -->
    </test> <!-- Submit Order Test -->
  </suite> <!-- Suite -->
</testng-results>
