<?xml version="1.0" encoding="UTF-8"?>
<testng-results ignored="0" total="1" passed="1" failed="0" skipped="0">
  <reporter-output>
  </reporter-output>
  <suite started-at="2025-07-17T22:51:00 IST" name="Default suite" finished-at="2025-07-17T22:51:10 IST" duration-ms="9219">
    <groups>
    </groups>
    <test started-at="2025-07-17T22:51:00 IST" name="Default test" finished-at="2025-07-17T22:51:10 IST" duration-ms="9219">
      <class name="SeleniumWeb.ErrorValidation">
        <test-method is-config="true" signature="applicationLunch()[pri:0, instance:SeleniumWeb.ErrorValidation@b3ca52e]" started-at="2025-07-17T22:51:00 IST" name="applicationLunch" finished-at="2025-07-17T22:51:09 IST" duration-ms="8183" status="PASS">
          <reporter-output>
          </reporter-output>
        </test-method> <!-- applicationLunch -->
        <test-method signature="sumbmitOrder()[pri:0, instance:SeleniumWeb.ErrorValidation@b3ca52e]" started-at="2025-07-17T22:51:09 IST" name="sumbmitOrder" finished-at="2025-07-17T22:51:09 IST" duration-ms="665" status="PASS">
          <reporter-output>
          </reporter-output>
        </test-method> <!-- sumbmitOrder -->
        <test-method is-config="true" signature="teardown()[pri:0, instance:SeleniumWeb.ErrorValidation@b3ca52e]" started-at="2025-07-17T22:51:09 IST" name="teardown" finished-at="2025-07-17T22:51:10 IST" duration-ms="326" status="PASS">
          <reporter-output>
          </reporter-output>
        </test-method> <!-- teardown -->
      </class> <!-- SeleniumWeb.ErrorValidation -->
    </test> <!-- Default test -->
  </suite> <!-- Default suite -->
</testng-results>
